<?xml version="1.0" encoding="UTF-8"?>
<!-- Generated by org.testng.reporters.JUnitXMLReporter -->
<testsuite hostname="INLEN8520068779" failures="0" tests="0" time="0.02" errors="0" timestamp="10 Jun 2022 10:01:48 GMT">
  <testcase classname="Uniform.Validateregisterpage" name="@BeforeTest initialize" time="0.0">
    <failure type="java.io.FileNotFoundException" message="C:\Users\AS92\eclipse-workspace\Sprint\src\main\java\resources\data.properties (The system cannot find the path specified)">
      <![CDATA[java.io.FileNotFoundException: C:\Users\AS92\eclipse-workspace\Sprint\src\main\java\resources\data.properties (The system cannot find the path specified)
	at java.base/java.io.FileInputStream.open0(Native Method)
	at java.base/java.io.FileInputStream.open(FileInputStream.java:211)
	at java.base/java.io.FileInputStream.<init>(FileInputStream.java:153)
	at java.base/java.io.FileInputStream.<init>(FileInputStream.java:108)
	at resources.base.initializeDriver(base.java:23)
	at Uniform.Validateregisterpage.initialize(Validateregisterpage.java:23)
... Removed 22 stack frames]]>
    </failure>
  </testcase> <!-- @BeforeTest initialize -->
</testsuite>
