<?xml version="1.0" encoding="UTF-8"?>
<!-- Generated by org.testng.reporters.JUnitXMLReporter -->
<testsuite hostname="INLEN8520068779" failures="0" tests="0" time="0.026" errors="0" timestamp="10 Jun 2022 09:43:11 GMT">
  <testcase classname="Uniform.ValidloginPage" name="@BeforeTest initialize" time="0.0">
    <failure type="java.lang.NullPointerException" message="Cannot invoke &amp;quot;org.openqa.selenium.WebDriver.manage()&amp;quot; because &amp;quot;this.driver&amp;quot; is null">
      <![CDATA[java.lang.NullPointerException: Cannot invoke "org.openqa.selenium.WebDriver.manage()" because "this.driver" is null
	at resources.base.initializeDriver(base.java:46)
	at Uniform.ValidloginPage.initialize(ValidloginPage.java:23)
... Removed 22 stack frames]]>
    </failure>
  </testcase> <!-- @BeforeTest initialize -->
</testsuite>
