<?xml version="1.0" encoding="UTF-8"?>
<testng-results total="0" passed="0" failed="0" skipped="0">
  <reporter-output>
  </reporter-output>
  <suite started-at="2022-06-09T04:26:22Z" name="Suite" finished-at="2022-06-09T04:26:32Z" duration-ms="10363">
    <groups>
    </groups>
    <test started-at="2022-06-09T04:26:22Z" name="Validating Register page" finished-at="2022-06-09T04:26:32Z" duration-ms="10363">
      <class name="Uniform.Validateregisterpage">
        <test-method is-config="true" signature="initialize()[pri:0, instance:Uniform.Validateregisterpage@274872f8]" started-at="2022-06-09T09:56:22Z" name="initialize" finished-at="2022-06-09T09:56:32Z" duration-ms="10354" status="PASS">
          <reporter-output>
          </reporter-output>
        </test-method> <!-- initialize -->
      </class> <!-- Uniform.Validateregisterpage -->
    </test> <!-- Validating Register page -->
  </suite> <!-- Suite -->
</testng-results>
